Release 13.4 - ngc2edif O.87xd (nt)
Copyright (c) 1995-2011 Xilinx, Inc.  All rights reserved.
Reading design oscTop.ngc ...
WARNING:NetListWriters:298 - No output is written to oscTop.xncf, ignored.
Processing design ...
   Preping design's networks ...
   Preping design's macros ...
WARNING:NetListWriters:306 - Signal bus myrand/randTemp<15 : 0> on block oscTop
   is not reconstructed, because there are some missing bus signals.
  finished :Prep
Writing EDIF netlist file oscTop.edif ...
ngc2edif: Total memory usage is 43400 kilobytes

Release 13.4 - ngc2edif O.87xd (nt)
Copyright (c) 1995-2011 Xilinx, Inc.  All rights reserved.
Reading design oscTop.ngc ...
WARNING:NetListWriters:298 - No output is written to oscTop.xncf, ignored.
Processing design ...
   Preping design's networks ...
   Preping design's macros ...
WARNING:NetListWriters:306 - Signal bus myrand/randTemp<15 : 0> on block oscTop
   is not reconstructed, because there are some missing bus signals.
  finished :Prep
Writing EDIF netlist file oscTop.edif ...
ngc2edif: Total memory usage is 43400 kilobytes

