Release 14.5 - xst P.58f (nt)
Copyright (c) 1995-2012 Xilinx, Inc.  All rights reserved.
--> Parameter TMPDIR set to xst/projnav.tmp


Total REAL time to Xst completion: 0.00 secs
Total CPU time to Xst completion: 0.07 secs
 
--> Parameter xsthdpdir set to xst


Total REAL time to Xst completion: 0.00 secs
Total CPU time to Xst completion: 0.07 secs
 
--> Reading design: vga_ctrl.prj

TABLE OF CONTENTS
  1) Synthesis Options Summary
  2) HDL Compilation
  3) Design Hierarchy Analysis
  4) HDL Analysis
  5) HDL Synthesis
     5.1) HDL Synthesis Report
  6) Advanced HDL Synthesis
     6.1) Advanced HDL Synthesis Report
  7) Low Level Synthesis
  8) Partition Report
  9) Final Report
	9.1) Device utilization summary
	9.2) Partition Resource Summary
	9.3) TIMING REPORT


=========================================================================
*                      Synthesis Options Summary                        *
=========================================================================
---- Source Parameters
Input File Name                    : "vga_ctrl.prj"
Input Format                       : mixed
Ignore Synthesis Constraint File   : NO

---- Target Parameters
Output File Name                   : "vga_ctrl"
Output Format                      : NGC
Target Device                      : xc3s100e-4-cp132

---- Source Options
Top Module Name                    : vga_ctrl
Automatic FSM Extraction           : YES
FSM Encoding Algorithm             : Auto
Safe Implementation                : No
FSM Style                          : LUT
RAM Extraction                     : Yes
RAM Style                          : Auto
ROM Extraction                     : Yes
Mux Style                          : Auto
Decoder Extraction                 : YES
Priority Encoder Extraction        : Yes
Shift Register Extraction          : YES
Logical Shifter Extraction         : YES
XOR Collapsing                     : YES
ROM Style                          : Auto
Mux Extraction                     : Yes
Resource Sharing                   : YES
Asynchronous To Synchronous        : NO
Multiplier Style                   : Auto
Automatic Register Balancing       : No

---- Target Options
Add IO Buffers                     : YES
Global Maximum Fanout              : 100000
Add Generic Clock Buffer(BUFG)     : 24
Register Duplication               : YES
Slice Packing                      : YES
Optimize Instantiated Primitives   : NO
Use Clock Enable                   : Yes
Use Synchronous Set                : Yes
Use Synchronous Reset              : Yes
Pack IO Registers into IOBs        : Auto
Equivalent register Removal        : YES

---- General Options
Optimization Goal                  : Speed
Optimization Effort                : 1
Keep Hierarchy                     : No
Netlist Hierarchy                  : As_Optimized
RTL Output                         : Yes
Global Optimization                : AllClockNets
Read Cores                         : YES
Write Timing Constraints           : NO
Cross Clock Analysis               : NO
Hierarchy Separator                : /
Bus Delimiter                      : <>
Case Specifier                     : Maintain
Slice Utilization Ratio            : 100
BRAM Utilization Ratio             : 100
Verilog 2001                       : YES
Auto BRAM Packing                  : NO
Slice Utilization Ratio Delta      : 5

=========================================================================


=========================================================================
*                          HDL Compilation                              *
=========================================================================
Compiling vhdl file "D:/sources/uni-oscilloscope/vga_ctrl.vhd" in Library work.
Entity <vga_ctrl> compiled.
Entity <vga_ctrl> (Architecture <behavioral>) compiled.

=========================================================================
*                     Design Hierarchy Analysis                         *
=========================================================================
Analyzing hierarchy for entity <vga_ctrl> in library <work> (architecture <behavioral>).


=========================================================================
*                            HDL Analysis                               *
=========================================================================
Analyzing Entity <vga_ctrl> in library <work> (Architecture <behavioral>).
Entity <vga_ctrl> analyzed. Unit <vga_ctrl> generated.


=========================================================================
*                           HDL Synthesis                               *
=========================================================================

Performing bidirectional port resolution...

Synthesizing Unit <vga_ctrl>.
    Related source file is "D:/sources/uni-oscilloscope/vga_ctrl.vhd".
    Found 1-bit register for signal <clk25Hz>.
    Found 11-bit up counter for signal <hcounter>.
    Found 12-bit comparator greatequal for signal <HSYNC$cmp_ge0000> created at line 70.
    Found 12-bit comparator less for signal <HSYNC$cmp_lt0000> created at line 70.
    Found 12-bit comparator less for signal <OutGreen$cmp_lt0000> created at line 79.
    Found 12-bit comparator less for signal <OutGreen$cmp_lt0001> created at line 79.
    Found 11-bit up counter for signal <vcounter>.
    Found 12-bit comparator greatequal for signal <VSYNC$cmp_ge0000> created at line 64.
    Found 12-bit comparator less for signal <VSYNC$cmp_lt0000> created at line 64.
    Summary:
	inferred   2 Counter(s).
	inferred   1 D-type flip-flop(s).
	inferred   6 Comparator(s).
Unit <vga_ctrl> synthesized.


=========================================================================
HDL Synthesis Report

Macro Statistics
# Counters                                             : 2
 11-bit up counter                                     : 2
# Registers                                            : 1
 1-bit register                                        : 1
# Comparators                                          : 6
 12-bit comparator greatequal                          : 2
 12-bit comparator less                                : 4

=========================================================================

=========================================================================
*                       Advanced HDL Synthesis                          *
=========================================================================


=========================================================================
Advanced HDL Synthesis Report

Macro Statistics
# Counters                                             : 2
 11-bit up counter                                     : 2
# Registers                                            : 1
 Flip-Flops                                            : 1
# Comparators                                          : 6
 12-bit comparator greatequal                          : 2
 12-bit comparator less                                : 4

=========================================================================

=========================================================================
*                         Low Level Synthesis                           *
=========================================================================

Optimizing unit <vga_ctrl> ...

Mapping all equations...
Building and optimizing final netlist ...
Found area constraint ratio of 100 (+ 5) on block vga_ctrl, actual ratio is 2.

Final Macro Processing ...

=========================================================================
Final Register Report

Macro Statistics
# Registers                                            : 23
 Flip-Flops                                            : 23

=========================================================================

=========================================================================
*                           Partition Report                            *
=========================================================================

Partition Implementation Status
-------------------------------

  No Partitions were found in this design.

-------------------------------

=========================================================================
*                            Final Report                               *
=========================================================================
Final Results
RTL Top Level Output File Name     : vga_ctrl.ngr
Top Level Output File Name         : vga_ctrl
Output Format                      : NGC
Optimization Goal                  : Speed
Keep Hierarchy                     : No

Design Statistics
# IOs                              : 11

Cell Usage :
# BELS                             : 83
#      GND                         : 1
#      INV                         : 2
#      LUT1                        : 20
#      LUT3                        : 3
#      LUT4                        : 11
#      LUT4_D                      : 2
#      LUT4_L                      : 1
#      MUXCY                       : 20
#      VCC                         : 1
#      XORCY                       : 22
# FlipFlops/Latches                : 23
#      FDR                         : 1
#      FDRE                        : 22
# Clock Buffers                    : 1
#      BUFGP                       : 1
# IO Buffers                       : 10
#      OBUF                        : 10
=========================================================================

Device utilization summary:
---------------------------

Selected Device : 3s100ecp132-4 

 Number of Slices:                       21  out of    960     2%  
 Number of Slice Flip Flops:             23  out of   1920     1%  
 Number of 4 input LUTs:                 39  out of   1920     2%  
 Number of IOs:                          11
 Number of bonded IOBs:                  11  out of     83    13%  
 Number of GCLKs:                         1  out of     24     4%  

---------------------------
Partition Resource Summary:
---------------------------

  No Partitions were found in this design.

---------------------------


=========================================================================
TIMING REPORT

NOTE: THESE TIMING NUMBERS ARE ONLY A SYNTHESIS ESTIMATE.
      FOR ACCURATE TIMING INFORMATION PLEASE REFER TO THE TRACE REPORT
      GENERATED AFTER PLACE-and-ROUTE.

Clock Information:
------------------
-----------------------------------+------------------------+-------+
Clock Signal                       | Clock buffer(FF name)  | Load  |
-----------------------------------+------------------------+-------+
clk                                | BUFGP                  | 23    |
-----------------------------------+------------------------+-------+

Asynchronous Control Signals Information:
----------------------------------------
No asynchronous control signals found in this design

Timing Summary:
---------------
Speed Grade: -4

   Minimum period: 6.272ns (Maximum Frequency: 159.439MHz)
   Minimum input arrival time before clock: No path found
   Maximum output required time after clock: 7.215ns
   Maximum combinational path delay: No path found

Timing Detail:
--------------
All values displayed in nanoseconds (ns)

=========================================================================
Timing constraint: Default period analysis for Clock 'clk'
  Clock period: 6.272ns (frequency: 159.439MHz)
  Total number of paths / destination ports: 661 / 67
-------------------------------------------------------------------------
Delay:               6.272ns (Levels of Logic = 3)
  Source:            hcounter_4 (FF)
  Destination:       vcounter_0 (FF)
  Source Clock:      clk rising
  Destination Clock: clk rising

  Data Path: hcounter_4 to vcounter_0
                                Gate     Net
    Cell:in->out      fanout   Delay   Delay  Logical Name (Net Name)
    ----------------------------------------  ------------
     FDRE:C->Q             3   0.591   0.706  hcounter_4 (hcounter_4)
     LUT4_D:I0->O          1   0.704   0.595  vcounter_and0000111 (vcounter_and0000111)
     LUT3:I0->O            1   0.704   0.424  vcounter_and0000134 (hcounter_and0000)
     LUT4:I3->O           11   0.704   0.933  vcounter_and000060 (vcounter_and0000)
     FDRE:R                    0.911          vcounter_0
    ----------------------------------------
    Total                      6.272ns (3.614ns logic, 2.658ns route)
                                       (57.6% logic, 42.4% route)

=========================================================================
Timing constraint: Default OFFSET OUT AFTER for Clock 'clk'
  Total number of paths / destination ports: 57 / 6
-------------------------------------------------------------------------
Offset:              7.215ns (Levels of Logic = 3)
  Source:            vcounter_5 (FF)
  Destination:       OutBlue<2> (PAD)
  Source Clock:      clk rising

  Data Path: vcounter_5 to OutBlue<2>
                                Gate     Net
    Cell:in->out      fanout   Delay   Delay  Logical Name (Net Name)
    ----------------------------------------  ------------
     FDRE:C->Q             4   0.591   0.762  vcounter_5 (vcounter_5)
     LUT4:I0->O            1   0.704   0.595  OutGreen_and000012 (OutGreen_and000012)
     LUT4:I0->O            4   0.704   0.587  OutGreen_and000042 (OutRed_2_OBUF)
     OBUF:I->O                 3.272          OutBlue_2_OBUF (OutBlue<2>)
    ----------------------------------------
    Total                      7.215ns (5.271ns logic, 1.944ns route)
                                       (73.1% logic, 26.9% route)

=========================================================================


Total REAL time to Xst completion: 3.00 secs
Total CPU time to Xst completion: 3.12 secs
 
--> 

Total memory usage is 208720 kilobytes

Number of errors   :    0 (   0 filtered)
Number of warnings :    0 (   0 filtered)
Number of infos    :    0 (   0 filtered)

