This is pdfTeX, Version 3.1415926-2.4-1.40.13 (MiKTeX 2.9 64-bit) (preloaded format=pdflatex 2013.6.7)  9 JUN 2013 00:11
entering extended mode
**pagina_titlu.tex

(E:\Dropbox\Universitate\Anul3\Sem_2_Structura_Sistemelor_Calcul\oscilloscope\d
ocs\pagina_titlu.tex
LaTeX2e <2011/06/27>
Babel <v3.8m> and hyphenation patterns for english, afrikaans, ancientgreek, ar
abic, armenian, assamese, basque, bengali, bokmal, bulgarian, catalan, coptic, 
croatian, czech, danish, dutch, esperanto, estonian, farsi, finnish, french, ga
lician, german, german-x-2012-05-30, greek, gujarati, hindi, hungarian, iceland
ic, indonesian, interlingua, irish, italian, kannada, kurmanji, latin, latvian,
 lithuanian, malayalam, marathi, mongolian, mongolianlmc, monogreek, ngerman, n
german-x-2012-05-30, nynorsk, oriya, panjabi, pinyin, polish, portuguese, roman
ian, russian, sanskrit, serbian, slovak, slovenian, spanish, swedish, swissgerm
an, tamil, telugu, turkish, turkmen, ukenglish, ukrainian, uppersorbian, usengl
ishmax, welsh, loaded.

! LaTeX Error: Environment titlepage undefined.

See the LaTeX manual or LaTeX Companion for explanation.
Type  H <return>  for immediate help.
 ...                                              
                                                  
l.1 \begin{titlepage}
                     
Your command was ignored.
Type  I <command> <return>  to replace it with another command,
or  <return>  to continue without it.


! LaTeX Error: Missing \begin{document}.

See the LaTeX manual or LaTeX Companion for explanation.
Type  H <return>  for immediate help.
 ...                                              
                                                  
l.2 \begin{center}
                  
You're in trouble here.  Try typing  <return>  to proceed.
If that doesn't work, type  X <return>  to quit.


Overfull \hbox (20.0pt too wide) in paragraph at lines 2--2
[] 
 []

! Undefined control sequence.
<recently read> \LARGE 
                       
l.4 ...c{\LARGE Universitatea Tehnica Cluj-Napoca}
                                                  \\[1.5cm]
The control sequence at the end of the top line
of your error message was never \def'ed. If you have
misspelled it (e.g., `\hobx'), type `I' and the correct
spelling (e.g., `I\hbox'). Otherwise just continue,
and I'll forget about whatever was undefined.


Overfull \hbox (70.9607pt too wide) in paragraph at lines 4--4
 \OT1/cmr/m/sc/10 Universitatea 
 []


Overfull \hbox (40.772pt too wide) in paragraph at lines 4--4
 \OT1/cmr/m/sc/10 Tehnica 
 []


Overfull \hbox (27.14983pt too wide) in paragraph at lines 4--4
 \OT1/cmr/m/sc/10 Cluj- 
 []


Overfull \hbox (38.24979pt too wide) in paragraph at lines 4--4
 \OT1/cmr/m/sc/10 Napoca 
 []

! Undefined control sequence.
<recently read> \Large 
                       
l.6 ...e Facultatea de Automatica si Calculatoare}
                                                  \\[0.5cm]
The control sequence at the end of the top line
of your error message was never \def'ed. If you have
misspelled it (e.g., `\hobx'), type `I' and the correct
spelling (e.g., `I\hbox'). Otherwise just continue,
and I'll forget about whatever was undefined.


Overfull \hbox (56.7135pt too wide) in paragraph at lines 6--6
 []\OT1/cmr/m/sc/10 Facultatea 
 []


Overfull \hbox (11.82217pt too wide) in paragraph at lines 6--6
 \OT1/cmr/m/sc/10 de 
 []


Overfull \hbox (17.7582pt too wide) in paragraph at lines 6--6
 \OT1/cmr/m/sc/10 Au- 
 []


Overfull \hbox (16.04434pt too wide) in paragraph at lines 6--6
 \OT1/cmr/m/sc/10 to- 
 []


Overfull \hbox (22.62207pt too wide) in paragraph at lines 6--6
 \OT1/cmr/m/sc/10 mat- 
 []


Overfull \hbox (15.06659pt too wide) in paragraph at lines 6--6
 \OT1/cmr/m/sc/10 ica 
 []


Overfull \hbox (7.59996pt too wide) in paragraph at lines 6--6
 \OT1/cmr/m/sc/10 si 
 []


Overfull \hbox (22.9054pt too wide) in paragraph at lines 6--6
 \OT1/cmr/m/sc/10 Cal- 
 []


Overfull \hbox (15.82213pt too wide) in paragraph at lines 6--6
 \OT1/cmr/m/sc/10 cu- 
 []


Overfull \hbox (15.04436pt too wide) in paragraph at lines 6--6
 \OT1/cmr/m/sc/10 la- 
 []


Overfull \hbox (29.77763pt too wide) in paragraph at lines 6--6
 \OT1/cmr/m/sc/10 toare 
 []

! Undefined control sequence.
l.9 \HRule
           \\[0.4cm]
The control sequence at the end of the top line
of your error message was never \def'ed. If you have
misspelled it (e.g., `\hobx'), type `I' and the correct
spelling (e.g., `I\hbox'). Otherwise just continue,
and I'll forget about whatever was undefined.


! LaTeX Error: There's no line here to end.

See the LaTeX manual or LaTeX Companion for explanation.
Type  H <return>  for immediate help.
 ...                                              
                                                  
l.9 \HRule \\
             [0.4cm]
Your command was ignored.
Type  I <command> <return>  to replace it with another command,
or  <return>  to continue without it.

! Undefined control sequence.
l.10 { \huge
             \bfseries Osciloscop Digital}\\[0.4cm]
The control sequence at the end of the top line
of your error message was never \def'ed. If you have
misspelled it (e.g., `\hobx'), type `I' and the correct
spelling (e.g., `I\hbox'). Otherwise just continue,
and I'll forget about whatever was undefined.


Overfull \hbox (52.2108pt too wide) in paragraph at lines 10--10
 []\OT1/cmr/bx/n/10 Osciloscop 
 []


Overfull \hbox (21.5971pt too wide) in paragraph at lines 10--10
 \OT1/cmr/bx/n/10 Dig- 
 []


Overfull \hbox (7.02774pt too wide) in paragraph at lines 10--10
 \OT1/cmr/bx/n/10 i- 
 []


Overfull \hbox (13.25685pt too wide) in paragraph at lines 10--10
 \OT1/cmr/bx/n/10 tal 
 []

! Undefined control sequence.
l.12 \HRule
            \\[1.5cm]
The control sequence at the end of the top line
of your error message was never \def'ed. If you have
misspelled it (e.g., `\hobx'), type `I' and the correct
spelling (e.g., `I\hbox'). Otherwise just continue,
and I'll forget about whatever was undefined.


! LaTeX Error: There's no line here to end.

See the LaTeX manual or LaTeX Companion for explanation.
Type  H <return>  for immediate help.
 ...                                              
                                                  
l.12 \HRule \\
              [1.5cm]
Your command was ignored.
Type  I <command> <return>  to replace it with another command,
or  <return>  to continue without it.

! Undefined control sequence.
l.16 \begin{flushleft} \large
                             
The control sequence at the end of the top line
of your error message was never \def'ed. If you have
misspelled it (e.g., `\hobx'), type `I' and the correct
spelling (e.g., `I\hbox'). Otherwise just continue,
and I'll forget about whatever was undefined.

Missing character: There is no A in font nullfont!
Missing character: There is no l in font nullfont!
Missing character: There is no e in font nullfont!
Missing character: There is no x in font nullfont!
Missing character: There is no a in font nullfont!
Missing character: There is no n in font nullfont!
Missing character: There is no d in font nullfont!
Missing character: There is no r in font nullfont!
Missing character: There is no u in font nullfont!
Missing character: There is no A in font nullfont!
Missing character: There is no d in font nullfont!
Missing character: There is no r in font nullfont!
Missing character: There is no i in font nullfont!
Missing character: There is no a in font nullfont!
Missing character: There is no n in font nullfont!
Missing character: There is no g in font nullfont!
Missing character: There is no r in font nullfont!
Missing character: There is no u in font nullfont!
Missing character: There is no p in font nullfont!
Missing character: There is no a in font nullfont!
Missing character: There is no 3 in font nullfont!
Missing character: There is no 0 in font nullfont!
Missing character: There is no 2 in font nullfont!
Missing character: There is no 3 in font nullfont!
Missing character: There is no 2 in font nullfont!
! Undefined control sequence.
l.25 \begin{flushright} \large
                              
The control sequence at the end of the top line
of your error message was never \def'ed. If you have
misspelled it (e.g., `\hobx'), type `I' and the correct
spelling (e.g., `I\hbox'). Otherwise just continue,
and I'll forget about whatever was undefined.

Missing character: There is no C in font nullfont!
Missing character: There is no r in font nullfont!
Missing character: There is no i in font nullfont!
Missing character: There is no s in font nullfont!
Missing character: There is no t in font nullfont!
Missing character: There is no i in font nullfont!

Overfull \hbox (3276.74998pt too wide) in paragraph at lines 15--31
 [][] 
 []


Overfull \hbox (3276.74998pt too wide) in paragraph at lines 15--31
 [] 
 []

! Undefined control sequence.
l.34 {\large
             \today}
The control sequence at the end of the top line
of your error message was never \def'ed. If you have
misspelled it (e.g., `\hobx'), type `I' and the correct
spelling (e.g., `I\hbox'). Otherwise just continue,
and I'll forget about whatever was undefined.

! Undefined control sequence.
l.34 {\large \today
                   }
The control sequence at the end of the top line
of your error message was never \def'ed. If you have
misspelled it (e.g., `\hobx'), type `I' and the correct
spelling (e.g., `I\hbox'). Otherwise just continue,
and I'll forget about whatever was undefined.


! LaTeX Error: \begin{document} ended by \end{titlepage}.

See the LaTeX manual or LaTeX Companion for explanation.
Type  H <return>  for immediate help.
 ...                                              
                                                  
l.37 \end{titlepage}
                    
Your command was ignored.
Type  I <command> <return>  to replace it with another command,
or  <return>  to continue without it.

)
! Emergency stop.
<*> pagina_titlu.tex
                    
*** (job aborted, no legal \end found)

 
Here is how much of TeX's memory you used:
 18 strings out of 493921
 457 string characters out of 3150895
 50031 words of memory out of 3000000
 3408 multiletter control sequences out of 15000+200000
 4595 words of font info for 17 fonts, out of 3000000 for 9000
 841 hyphenation exceptions out of 8191
 14i,3n,10p,100b,227s stack positions out of 5000i,500n,10000p,200000b,50000s
!  ==> Fatal error occurred, no output PDF file produced!
